# Init SplitPipe split-pipe v1.2.0
# Initializing defaults
# Setting threads to 32 (ncpu=64, initial nthreads=0 limited to 32) (init threads)
# Kit set to custom (init kit; mkref mode)
# Set run_name cgigas (init run_name)
# Use_case behavior set to mkref (init use_case)

# Setting up run-time env; Use_case mkref, Mode mkref, Kit custom Chem
# Checking run env (conda); timeout 30

# Checking called executables; timeout 30
# Version info: 2.7.11b /exports/cmvm/eddie/eb/groups/macqueen_lab/Pooran/anaconda/envs/spipe/bin/STAR
# Version info: samtools 1.19.2 /exports/cmvm/eddie/eb/groups/macqueen_lab/Pooran/anaconda/envs/spipe/bin/samtools
# WARNING: 'fastqc' command not found; May need to install
# WARNING: 'fastqc' is optional; Will skip use
# Version info:  which: no fastqc in (/exports/cmvm/eddie/eb/groups/macqueen_lab/Pooran/anaconda/envs/spipe/bin:/exports/applications/apps/SL7/anaconda/2024.02/bin:/exports/applications/apps/SL7/anaconda/5.3.1/condabin:/exports/applications/gridengine/ge-8.6.5/bin/lx-amd64:/exports/applications/apps/SL7/modules/5.2.0/bin:/usr/local/bin:/usr/bin:/usr/local/sbin:/usr/sbin:/home/pdewari/.local/bin:/home/pdewari/bin:/exports/cmvm/eddie/eb/groups/macqueen_lab/Pooran/packages/ataqv-1.2.1/bin:/exports/igmm/software/pkg/el7/apps/cutadapt/1.9.1/bin)
# Version info: gzip 1.5 /usr/bin/gzip
# Version info: pigz 2.8 /exports/cmvm/eddie/eb/groups/macqueen_lab/Pooran/anaconda/envs/spipe/bin/pigz
# Version info: UnZip 6.00 of 20 April 2009, by Info-ZIP.  Maintained by C. Spieler.  Send /exports/cmvm/eddie/eb/groups/macqueen_lab/Pooran/anaconda/envs/spipe/bin/unzip
# Set up samples; mkref mode; Handled elsewhere; Ignoring
# Opening log /exports/eddie/scratch/pdewari/newvolume/genomes/cgigas/split-pipe_v1_2_0.log
# Not running memory profile tracing
################################################################################
# Program                   split-pipe v1.2.0
# Run date                  2024-03-21 18:16:34.809428+0
# Run on                    node1h21.ecdf.ed.ac.uk (x86_64 Linux) by pdewari
# System                    1007.0G (1081298268160) RAM and 64 CPUs
# PID                       44092
################################################################################
#
#                ------ >>> Command line <<< -----------------
#
/exports/cmvm/eddie/eb/groups/macqueen_lab/Pooran/anaconda/envs/spipe/bin/split-pipe \
--mode mkref \
--genome_name cgigas \
--fasta /exports/eddie/scratch/pdewari/newvolume/genomes/Crassostrea_gigas_uk_roslin_v1.dna_sm.primary_assembly.fa \
--genes /exports/eddie/scratch/pdewari/newvolume/genomes/Crassostrea_gigas_uk_roslin_v1.gtf \
--output_dir /exports/eddie/scratch/pdewari/newvolume/genomes/cgigas
#
#                ------ >>> Initialization messages <<< ------
#
# Setting threads to 32 (ncpu=64, initial nthreads=0 limited to 32) (init threads)
# Kit set to custom (init kit; mkref mode)
# Set run_name cgigas (init run_name)
# Use_case behavior set to mkref (init use_case)
# Setting up run-time env; Use_case mkref, Mode mkref, Kit custom Chem
# Checking run env (conda); timeout 30
# Checking called executables; timeout 30
# Version info: 2.7.11b /exports/cmvm/eddie/eb/groups/macqueen_lab/Pooran/anaconda/envs/spipe/bin/STAR
# Version info: samtools 1.19.2 /exports/cmvm/eddie/eb/groups/macqueen_lab/Pooran/anaconda/envs/spipe/bin/samtools
# WARNING: 'fastqc' command not found; May need to install
# WARNING: 'fastqc' is optional; Will skip use
# Version info:  which: no fastqc in (/exports/cmvm/eddie/eb/groups/macqueen_lab/Pooran/anaconda/envs/spipe/bin:/exports/applications/apps/SL7/anaconda/2024.02/bin:/exports/applications/apps/SL7/anaconda/5.3.1/condabin:/exports/applications/gridengine/ge-8.6.5/bin/lx-amd64:/exports/applications/apps/SL7/modules/5.2.0/bin:/usr/local/bin:/usr/bin:/usr/local/sbin:/usr/sbin:/home/pdewari/.local/bin:/home/pdewari/bin:/exports/cmvm/eddie/eb/groups/macqueen_lab/Pooran/packages/ataqv-1.2.1/bin:/exports/igmm/software/pkg/el7/apps/cutadapt/1.9.1/bin)
# Version info: gzip 1.5 /usr/bin/gzip
# Version info: pigz 2.8 /exports/cmvm/eddie/eb/groups/macqueen_lab/Pooran/anaconda/envs/spipe/bin/pigz
# Version info: UnZip 6.00 of 20 April 2009, by Info-ZIP.  Maintained by C. Spieler.  Send /exports/cmvm/eddie/eb/groups/macqueen_lab/Pooran/anaconda/envs/spipe/bin/unzip
# Set up samples; mkref mode; Handled elsewhere; Ignoring
# Opening log /exports/eddie/scratch/pdewari/newvolume/genomes/cgigas/split-pipe_v1_2_0.log
#
#                ------ >>> Parameter settings <<< -----------
#
# use_case                  mkref
# mode                      mkref
# chemistry                 <Not set>
# kit                       custom      (1)
# kit_source                automatic
# parfile                   <Not set>
# logfile                   /exports/eddie/scratch/pdewari/newvolume/genomes/cgigas/split-pipe_v1_2_0.log
# run_name                  cgigas      (automatic)
# input_dir                 <Not set>
# output_dir                /exports/eddie/scratch/pdewari/newvolume/genomes/cgigas/
# parent_dir                <Not set>
# fq1                       <Not set>
# fq2                       <Not set>
# sublib_list               <Not set>
# sublib_pref               <Not set>
# sublib_suff               <Not set>
# sublibraries              <Not set>
# samp_list                 <Not set>
# samp_sltab                <Not set>
# sample                    <Not set>
# genome_dir                <Not set>
# genome_name               Item_1_of_1 cgigas
# genes                     Item_1_of_1 /exports/eddie/scratch/pdewari/newvolume/genomes/Crassostrea_gigas_uk_roslin_v1.gtf
# fasta                     Item_1_of_1 /exports/eddie/scratch/pdewari/newvolume/genomes/Crassostrea_gigas_uk_roslin_v1.dna_sm.primary_assembly.fa
# gfasta                    <Not set>
# targeted_list             <Not set>
# nthreads                  32  (automatic)
# max_threads               32
# rseed                     42
# reuse                     False
# make_allwell              False
# make_allsample            True
# samp_wells_unique         False
# keep_going                True
# keep_temps                False
# no_compress               False
# gzip_compresslevel        4
# log_memory_use            False
# one_step                  False
# until_step                <Not set>
# start_timeout             30
# dryrun                    False
# bc_save_data_clean        True
# bc_amp_seq                <Not set>
# bc_round_set              <Not set>
# bc_edit_dist              2
# kit_score_warn            0.7
# kit_score_min             0
# kit_score_remain_frac     0.2
# kit_score_skip            False
# tso_seq                   AACGCAGAGTGAATGGG
# tso_read_limit            15
# fastq_samp_slice          [100000, 1100000]
# mkref_id_for_no_name      True
# mkref_gtf_guess_min       1
# mkref_min_genes           1
# mkref_min_exons           1
# mkref_max_gtf_not_fas     0
# mkref_gtf_dict_stepsize   10000
# mkref_star_splicing       True
# mkref_star_genomesaindexnbases 14
# mkref_star_genomesasparsed 2
# mkref_star_limitgenomegenerateram 24000000000
# mkref_star_extra_args     <Not set>
# inqc_fastqc_run           True
# inqc_fastqc_show_warn     False
# inqc_min_reads            100000
# inqc_min_good_r1len_frac  0.5
# inqc_min_good_r2len_frac  0.9
# inqc_min_perf_frac        0.3
# inqc_warn_perf_frac       0.5
# pre_min_r1_len            45
# pre_check_name_match      True
# pre_check_name_r1r2       True
# pre_head_keep_seq_index   True
# pre_head_regex            @(\S+)\s+([12])\S*:(\S*)$
# pre_perfect_bc_cell_thresh 0.92
# pre_keep_no_bc_fq         False
# tcr_analysis              False
# tcr_genome                human
# tcr_use_imgt_db           False
# tcr_kmer                  21
# tcr_read_threshold        2
# tcr_trim                  30
# focal_barcoding           False
# crsp_analysis             False
# crsp_guides               <Not set>
# crsp_use_star             False
# crsp_guide_offset         0
# crsp_pref_samp_len        10
# crsp_match_hamming_dist   1
# align_min_genome_version  v1.1.3
# align_min_start_reads     50000
# align_star_outfiltermultimapnmax 3
# align_star_keep_no_map    False
# align_star_extra_args     <Not set>
# post_warn_map_frac        0.33
# post_min_map_frac         0.1
# mol_min_mapq_score        255
# dge_min_start_tscp        10000
# dge_copy_dge_genes_file   True
# dge_save_express_gene_file True
# dge_ssc_xstep_size        1000
# dge_ssc_xstep_ndup        5
# dge_species_purity_thresh 0.9
# dge_tscp_cut_given        <Not set>
# dge_tscp_cut_min          30
# dge_tscp_cut_max          <Not set>
# dge_tscp_cut_scale_fac    1.0
# dge_cell_est              <Not set>
# dge_cell_given            <Not set>
# dge_cell_gxfold           3
# dge_cell_min              10
# dge_cell_auc_min          0.4
# dge_cell_max              100000
# dge_cell_scale_by_frac    True
# dge_cell_hard_min         5
# dge_cell_list             <Not set>
# dge_gene_cell_min         3
# dge_tscp_cut_umin         10
# dge_gene_cell_umin        1
# dge_tscp_cut_targeted_min 15
# dge_tscp_cut_targeted_umin 5
# dge_gene_cell_targeted_min 2
# dge_tscp_read_min         1
# dge_gene_tscp_min         1
# dge_tscp_read_fb_min      1
# dge_gene_tscp_fb_min      1
# dge_gene_tscp_fb_umin     1
# dge_tscp_read_fb_umin     1
# comb_new_tscp             False
# comb_unfilt_dge           True
# ana_scanpy_verbosity      <Not set>
# ana_save_anndata          True
# ana_mem_eff_cell_thresh   100000
# ana_norm_target_sum       10000
# ana_scale_max_value       10
# ana_scale_zero_center     True
# ana_pca_min_hvar          100
# ana_pca_dim_max           50
# ana_pca_dim_min           10
# ana_pca_dim_targeted_max  10
# ana_pca_irlbpy            True
# ana_cluster_min_bc        30
# ana_cluster_1base         True
# ana_save_umap             True
# ana_umap_n_neighbors      50
# ana_umap_min_dist         0.5
# ana_cluster_alg           leiden
# ana_ctab_top_n            20
# ana_ctab_sco_min_den      0.01
# ana_gene_cell_min         3
# rep_save_figs             True
# rep_plate_min_zero        True
# rep_umap_subsamp          15000
# rep_umap_ss_clus_min      10
# rep_umap_norm_fac         10000.0
# rep_umap_fb_zero_nc       True
# rep_gene_def_url          https://www.ncbi.nlm.nih.gov/gene/?term={gene_id}
# rep_gene_url              <Not set>
# rep_alt_sty_fmt           False
# clean_per_step            False
# clean_make_summaries_zip  True
# map_targ_genome_dir_path  map_targs
# map_targ                  <Not set>
# map_targ_kmer_len         30
# map_targ_kmer_step        1
# map_targ_kmer_search_max  41
# map_targ_kmer_search_step 10
#
#                ------ >>> Run details <<< ------------------
#
# Run_plan step_1_of_1  MkRef
#
################################################################################


# Time  Starting split-pipe v1.2.0      2024-03-21 18:16:34.810255+0
# Time  Before MkRef    2024-03-21 18:16:34.810325+0
# >> Running Mkref
#2 MemStatus: Mkref  724.6M proc, 177.1M rss, 547.5M vms, 1.5% usd, 991.7G avail
#2 DskStatus: Mkref  '/exports/' 81.3T total, 54.5T (66.96%) used, 26.9T (33.04%) free
# Processing fasta files
#2 Processing cgigas /exports/eddie/scratch/pdewari/newvolume/genomes/Crassostrea_gigas_uk_roslin_v1.dna_sm.primary_assembly.fa
# Wrote 11 x 2 table to /exports/eddie/scratch/pdewari/newvolume/genomes/cgigas/process/all_chrom.csv
#2 GENO_CHROM_DATA Row_1_of_13                        fasta
#2 GENO_CHROM_DATA Row_2_of_13  chrom
#2 GENO_CHROM_DATA Row_3_of_13  cgigas_LR761634.1  55785328
#2 GENO_CHROM_DATA Row_4_of_13  cgigas_LR761635.1  73222313
#2 GENO_CHROM_DATA Row_5_of_13  cgigas_LR761636.1  58319100
#2 GENO_CHROM_DATA Row_6_of_13  cgigas_LR761637.1  53127865
#2 Total chromosomes 11, bases 589377081
# Processing gene annotation files
# Loading 1 listed gtfs
#2 Reading GTF /exports/eddie/scratch/pdewari/newvolume/genomes/Crassostrea_gigas_uk_roslin_v1.gtf
#2 Checking minimal attributes
# Tallying data values from 1513308 records
#2 cgigas GTF /exports/eddie/scratch/pdewari/newvolume/genomes/Crassostrea_gigas_uk_roslin_v1.gtf, format flavor Ensembl, 1513308 records
#2 gtf_exon_combined (669087, 9)
# Wrote 669087 x 9 table to /exports/eddie/scratch/pdewari/newvolume/genomes/cgigas/process/exons.gtf
#2 GENO_PROC_EXON_GTF Row_1_of_669088                 Chromosome           Source Feature     Start       End Score Strand Frame                                                                                                                                                                                                                                                                                                       Attributes
#2 GENO_PROC_EXON_GTF Row_2_of_669088  0       cgigas_LR761634.1      ROSLIN_INST    exon     75243     75250     .      +     .                                                                                                           gene_id "G3689"; transcript_id "G3689.1"; ID "G3689.1-E1"; Name "G3689.1-E1"; Parent "transcript:G3689.1"; constitutive "1"; ensembl_end_phase "2"; ensembl_phase "0"; exon_id "G3689.1-E1"; rank "1";
#2 GENO_PROC_EXON_GTF Row_3_of_669088  1       cgigas_LR761634.1      ROSLIN_INST    exon     75602     75810     .      +     .                                                                                                           gene_id "G3689"; transcript_id "G3689.1"; ID "G3689.1-E2"; Name "G3689.1-E2"; Parent "transcript:G3689.1"; constitutive "1"; ensembl_end_phase "1"; ensembl_phase "2"; exon_id "G3689.1-E2"; rank "2";
#2 GENO_PROC_EXON_GTF Row_4_of_669088  2       cgigas_LR761634.1      ROSLIN_INST    exon     76919     77131     .      +     .                                                                                                           gene_id "G3689"; transcript_id "G3689.1"; ID "G3689.1-E3"; Name "G3689.1-E3"; Parent "transcript:G3689.1"; constitutive "1"; ensembl_end_phase "1"; ensembl_phase "1"; exon_id "G3689.1-E3"; rank "3";
#2 GENO_PROC_EXON_GTF Row_5_of_669088  3       cgigas_LR761634.1      ROSLIN_INST    exon     78283     78564     .      +     .                                                                                                           gene_id "G3689"; transcript_id "G3689.1"; ID "G3689.1-E4"; Name "G3689.1-E4"; Parent "transcript:G3689.1"; constitutive "1"; ensembl_end_phase "1"; ensembl_phase "1"; exon_id "G3689.1-E4"; rank "4";
#2 GENO_PROC_EXON_GTF Row_6_of_669088  4       cgigas_LR761634.1      ROSLIN_INST    exon     80208     80504     .      +     .                                                                                                           gene_id "G3689"; transcript_id "G3689.1"; ID "G3689.1-E5"; Name "G3689.1-E5"; Parent "transcript:G3689.1"; constitutive "1"; ensembl_end_phase "1"; ensembl_phase "1"; exon_id "G3689.1-E5"; rank "5";
#2 gtf_gene_combined, slicing True (28180, 9)
# Wrote 28180 x 9 table to /exports/eddie/scratch/pdewari/newvolume/genomes/cgigas/process/genes.gtf
#2 GENO_PROC_GENE_GTF Row_1_of_28181                Chromosome       Source Feature     Start       End Score Strand Frame                                                                                                                                                                                                                               Attributes
#2 GENO_PROC_GENE_GTF Row_2_of_28181  0      cgigas_LR761634.1  ROSLIN_INST    gene     75243     84528     .      +     .                                                                                                                                     gene_id "G3689"; ID "gene:G3689"; gene_biotype "protein_coding"; logic_name "refseq_import_visible";
#2 GENO_PROC_GENE_GTF Row_3_of_28181  1      cgigas_LR761634.1  ROSLIN_INST    gene     97820    105401     .      +     .                                                                                                                                     gene_id "G3690"; ID "gene:G3690"; gene_biotype "protein_coding"; logic_name "refseq_import_visible";
#2 GENO_PROC_GENE_GTF Row_4_of_28181  2      cgigas_LR761634.1  ROSLIN_INST    gene    117803    126670     .      +     .                                                                                                                                     gene_id "G3692"; ID "gene:G3692"; gene_biotype "protein_coding"; logic_name "refseq_import_visible";
#2 GENO_PROC_GENE_GTF Row_5_of_28181  3      cgigas_LR761634.1  ROSLIN_INST    gene    176456    185705     .      +     .                                                                                                                                     gene_id "G3693"; ID "gene:G3693"; gene_biotype "protein_coding"; logic_name "refseq_import_visible";
#2 GENO_PROC_GENE_GTF Row_6_of_28181  4      cgigas_LR761634.1  ROSLIN_INST    gene    203337    208174     .      +     .                                                                                                                                     gene_id "G3694"; ID "gene:G3694"; gene_biotype "protein_coding"; logic_name "refseq_import_visible";
# Collecting biotype info with key='gene_biotype'
#2 Saving gene_info file
#2 Number of gene_bins 117427
#2 Write_gene_info: /exports/eddie/scratch/pdewari/newvolume/genomes/cgigas/gene_info.json
#2 Read Dataframe: Dims 11 x 1, Mem 176B (176) from /exports/eddie/scratch/pdewari/newvolume/genomes/cgigas/process/all_chrom.csv
# Wrote 11 x 4 table to /exports/eddie/scratch/pdewari/newvolume/genomes/cgigas/process/all_chrom.csv
#2 GENO_CHROM_DATA Row_1_of_13                        fasta  gene   exon
#2 GENO_CHROM_DATA Row_2_of_13  chrom
#2 GENO_CHROM_DATA Row_3_of_13  cgigas_LR761634.1  55785328  2918  77366
#2 GENO_CHROM_DATA Row_4_of_13  cgigas_LR761635.1  73222313  2485  31166
#2 GENO_CHROM_DATA Row_5_of_13  cgigas_LR761636.1  58319100  3176  85481
#2 GENO_CHROM_DATA Row_6_of_13  cgigas_LR761637.1  53127865  2485  58904
# Checking fasta gtf overlap
#2 Read Dataframe: Dims 11 x 3, Mem 352B (352) from /exports/eddie/scratch/pdewari/newvolume/genomes/cgigas/process/all_chrom.csv
# All gtf genome features overlap with seq chromosomes
# Generating gene data tables
#2 Building gene data table
/exports/cmvm/eddie/eb/groups/macqueen_lab/Pooran/anaconda/envs/spipe/lib/python3.10/site-packages/splitpipe/mkref.py:881: FutureWarning: Downcasting behavior in `replace` is deprecated and will be removed in a future version. To retain the old behavior, explicitly call `result.infer_objects(copy=False)`. To opt-in to the future behavior, set `pd.set_option('future.no_silent_downcasting', True)`
  gene_df["gene_name"] = gene_df["gene_name"].replace(r"^\s*$", np.nan, regex=True)
#2 Missing gene names: 28180
# Replaced 28180 missing gene names with IDs
# Wrote 28180 x 3 table to /exports/eddie/scratch/pdewari/newvolume/genomes/cgigas/all_genes.csv
#2 GENO_GENE_DATA Row_1_of_28181        gene_id gene_name  genome
#2 GENO_GENE_DATA Row_2_of_28181  0        ATP6      ATP6  cgigas
#2 GENO_GENE_DATA Row_3_of_28181  1        ATP8      ATP8  cgigas
#2 GENO_GENE_DATA Row_4_of_28181  2        COX1      COX1  cgigas
#2 GENO_GENE_DATA Row_5_of_28181  3        COX2      COX2  cgigas
#2 GENO_GENE_DATA Row_6_of_28181  4        COX3      COX3  cgigas
#2 Loading sequences /exports/eddie/scratch/pdewari/newvolume/genomes/cgigas/process/genome.fas
#2 Building stats table
# Wrote 28180 x 11 table to /exports/eddie/scratch/pdewari/newvolume/genomes/cgigas/process/all_gene_stats.csv
#2 GENO_GENE_STATS Row_1_of_28181        gene_id name              chrom   g_start    g_len strand  ex_num  ex_len   g_gc  ex_gc         biotype
#2 GENO_GENE_STATS Row_2_of_28181  0       G3689       cgigas_LR761634.1     75242     9285      +       7    1683  32.81  43.14  protein_coding
#2 GENO_GENE_STATS Row_3_of_28181  1       G3690       cgigas_LR761634.1     97819     7581      +       6    1739  30.66  35.71  protein_coding
#2 GENO_GENE_STATS Row_4_of_28181  2       G3692       cgigas_LR761634.1    117802     8867      +      10    2802  31.51  39.29  protein_coding
#2 GENO_GENE_STATS Row_5_of_28181  3       G3693       cgigas_LR761634.1    176455     9249      +      12    2438  31.13  38.84  protein_coding
#2 GENO_GENE_STATS Row_6_of_28181  4       G3694       cgigas_LR761634.1    203336     4837      +       6    1181  30.45  38.61  protein_coding
# Creating genome index
# Subproc: Call:   /exports/cmvm/eddie/eb/groups/macqueen_lab/Pooran/anaconda/envs/spipe/bin/STAR --runMode genomeGenerate --genomeDir /exports/eddie/scratch/pdewari/newvolume/genomes/cgigas --genomeFastaFiles /exports/eddie/scratch/pdewari/newvolume/genomes/cgigas/process/genome.fas --runThreadN 32 --limitGenomeGenerateRAM 24000000000 --genomeSAindexNbases 14 --genomeSAsparseD 2 --sjdbGTFfile /exports/eddie/scratch/pdewari/newvolume/genomes/cgigas/process/exons.gtf
# Subproc: Status: Success
# Subproc: Output: (first 100 char)
        /exports/cmvm/eddie/eb/groups/macqueen_lab/Pooran/anaconda/envs/spipe/bin/STAR-avx2 --runMode genom
# Subproc: Duration 0:12:13.20
# STAR output saved to /exports/eddie/scratch/pdewari/newvolume/genomes/cgigas/process/STAR_mkref_sdtout.txt
# Saved env info /exports/eddie/scratch/pdewari/newvolume/genomes/cgigas/process/mkref_def.json
# Cleaning up
# Subproc: Call:   pigz --force /exports/eddie/scratch/pdewari/newvolume/genomes/cgigas/process/genome.fas -4
# Subproc: Status: Success
# Subproc: Output: (first 100 char)

# Subproc: Duration 0:00:17.58
# Subproc: Call:   pigz --force /exports/eddie/scratch/pdewari/newvolume/genomes/cgigas/process/genes.gtf -4
# Subproc: Status: Success
# Subproc: Output: (first 100 char)

# Subproc: Duration 0:00:00.14
# Subproc: Call:   pigz --force /exports/eddie/scratch/pdewari/newvolume/genomes/cgigas/process/exons.gtf -4
# Subproc: Status: Success
# Subproc: Output: (first 100 char)

# Subproc: Duration 0:00:01.42
#2 MemStatus: Mkref  1.9G proc, 803.3M rss, 1.1G vms, 1.6% usd, 991.1G avail
#2 DskStatus: Mkref  '/exports/' 81.3T total, 54.5T (66.97%) used, 26.9T (33.03%) free
# << Running Mkref; Status True; Duration 0:13:31.70

# Finished successfully (0 problems)

# Time  Total elapsed   0:13:31.72
# Time  All done        2024-03-21 18:30:06.534920+0
# Closing down SplitPipe
New file: /exports/eddie/scratch/pdewari/newvolume/genomes/cgigas/split-pipe_v1_2_0.log
# Total time 0:13:35.04
