Concatenation started: Tue Jan  6 01:00:14 PM GMT 2026
----------------------------------------
Sample: A1
  R1 inputs:
    A1/A1_EKDL240002473-1A_223M7CLT4_L7_1.fq.gz
    A1/A1_EKDL240002473-1A_223M7CLT4_L8_1.fq.gz
  R1 output: concat/A1_EKDL240002473-1A_223M7CLT4_1.fq.gz
  Command: cat A1/A1_EKDL240002473-1A_223M7CLT4_L7_1.fq.gz A1/A1_EKDL240002473-1A_223M7CLT4_L8_1.fq.gz > concat/A1_EKDL240002473-1A_223M7CLT4_1.fq.gz
  R2 inputs:
    A1/A1_EKDL240002473-1A_223M7CLT4_L7_2.fq.gz
    A1/A1_EKDL240002473-1A_223M7CLT4_L8_2.fq.gz
  R2 output: concat/A1_EKDL240002473-1A_223M7CLT4_2.fq.gz
  Command: cat A1/A1_EKDL240002473-1A_223M7CLT4_L7_2.fq.gz A1/A1_EKDL240002473-1A_223M7CLT4_L8_2.fq.gz > concat/A1_EKDL240002473-1A_223M7CLT4_2.fq.gz
  Status: OK

Sample: A2
  R1 inputs:
    A2/A2_EKDL240002474-1A_223M7CLT4_L7_1.fq.gz
    A2/A2_EKDL240002474-1A_223M7CLT4_L8_1.fq.gz
  R1 output: concat/A2_EKDL240002474-1A_223M7CLT4_1.fq.gz
  Command: cat A2/A2_EKDL240002474-1A_223M7CLT4_L7_1.fq.gz A2/A2_EKDL240002474-1A_223M7CLT4_L8_1.fq.gz > concat/A2_EKDL240002474-1A_223M7CLT4_1.fq.gz
  R2 inputs:
    A2/A2_EKDL240002474-1A_223M7CLT4_L7_2.fq.gz
    A2/A2_EKDL240002474-1A_223M7CLT4_L8_2.fq.gz
  R2 output: concat/A2_EKDL240002474-1A_223M7CLT4_2.fq.gz
  Command: cat A2/A2_EKDL240002474-1A_223M7CLT4_L7_2.fq.gz A2/A2_EKDL240002474-1A_223M7CLT4_L8_2.fq.gz > concat/A2_EKDL240002474-1A_223M7CLT4_2.fq.gz
  Status: OK

Sample: A3
  R1 inputs:
    A3/A3_EKDL240002475-1A_223M7CLT4_L7_1.fq.gz
    A3/A3_EKDL240002475-1A_223M7CLT4_L8_1.fq.gz
  R1 output: concat/A3_EKDL240002475-1A_223M7CLT4_1.fq.gz
  Command: cat A3/A3_EKDL240002475-1A_223M7CLT4_L7_1.fq.gz A3/A3_EKDL240002475-1A_223M7CLT4_L8_1.fq.gz > concat/A3_EKDL240002475-1A_223M7CLT4_1.fq.gz
  R2 inputs:
    A3/A3_EKDL240002475-1A_223M7CLT4_L7_2.fq.gz
    A3/A3_EKDL240002475-1A_223M7CLT4_L8_2.fq.gz
  R2 output: concat/A3_EKDL240002475-1A_223M7CLT4_2.fq.gz
  Command: cat A3/A3_EKDL240002475-1A_223M7CLT4_L7_2.fq.gz A3/A3_EKDL240002475-1A_223M7CLT4_L8_2.fq.gz > concat/A3_EKDL240002475-1A_223M7CLT4_2.fq.gz
  Status: OK

Sample: A4
  R1 inputs:
    A4/A4_EKDL240002476-1A_223M7CLT4_L7_1.fq.gz
    A4/A4_EKDL240002476-1A_223M7CLT4_L8_1.fq.gz
  R1 output: concat/A4_EKDL240002476-1A_223M7CLT4_1.fq.gz
  Command: cat A4/A4_EKDL240002476-1A_223M7CLT4_L7_1.fq.gz A4/A4_EKDL240002476-1A_223M7CLT4_L8_1.fq.gz > concat/A4_EKDL240002476-1A_223M7CLT4_1.fq.gz
  R2 inputs:
    A4/A4_EKDL240002476-1A_223M7CLT4_L7_2.fq.gz
    A4/A4_EKDL240002476-1A_223M7CLT4_L8_2.fq.gz
  R2 output: concat/A4_EKDL240002476-1A_223M7CLT4_2.fq.gz
  Command: cat A4/A4_EKDL240002476-1A_223M7CLT4_L7_2.fq.gz A4/A4_EKDL240002476-1A_223M7CLT4_L8_2.fq.gz > concat/A4_EKDL240002476-1A_223M7CLT4_2.fq.gz
  Status: OK

Sample: A5
  R1 inputs:
    A5/A5_EKDL240002477-1A_223M7CLT4_L7_1.fq.gz
    A5/A5_EKDL240002477-1A_223M7CLT4_L8_1.fq.gz
  R1 output: concat/A5_EKDL240002477-1A_223M7CLT4_1.fq.gz
  Command: cat A5/A5_EKDL240002477-1A_223M7CLT4_L7_1.fq.gz A5/A5_EKDL240002477-1A_223M7CLT4_L8_1.fq.gz > concat/A5_EKDL240002477-1A_223M7CLT4_1.fq.gz
  R2 inputs:
    A5/A5_EKDL240002477-1A_223M7CLT4_L7_2.fq.gz
    A5/A5_EKDL240002477-1A_223M7CLT4_L8_2.fq.gz
  R2 output: concat/A5_EKDL240002477-1A_223M7CLT4_2.fq.gz
  Command: cat A5/A5_EKDL240002477-1A_223M7CLT4_L7_2.fq.gz A5/A5_EKDL240002477-1A_223M7CLT4_L8_2.fq.gz > concat/A5_EKDL240002477-1A_223M7CLT4_2.fq.gz
  Status: OK

Sample: A6
  R1 inputs:
    A6/A6_EKDL240002478-1A_223M7CLT4_L7_1.fq.gz
    A6/A6_EKDL240002478-1A_223M7CLT4_L8_1.fq.gz
  R1 output: concat/A6_EKDL240002478-1A_223M7CLT4_1.fq.gz
  Command: cat A6/A6_EKDL240002478-1A_223M7CLT4_L7_1.fq.gz A6/A6_EKDL240002478-1A_223M7CLT4_L8_1.fq.gz > concat/A6_EKDL240002478-1A_223M7CLT4_1.fq.gz
  R2 inputs:
    A6/A6_EKDL240002478-1A_223M7CLT4_L7_2.fq.gz
    A6/A6_EKDL240002478-1A_223M7CLT4_L8_2.fq.gz
  R2 output: concat/A6_EKDL240002478-1A_223M7CLT4_2.fq.gz
  Command: cat A6/A6_EKDL240002478-1A_223M7CLT4_L7_2.fq.gz A6/A6_EKDL240002478-1A_223M7CLT4_L8_2.fq.gz > concat/A6_EKDL240002478-1A_223M7CLT4_2.fq.gz
  Status: OK

Sample: A7
  R1 inputs:
    A7/A7_EKDL240002479-1A_223M7CLT4_L7_1.fq.gz
    A7/A7_EKDL240002479-1A_223M7CLT4_L8_1.fq.gz
  R1 output: concat/A7_EKDL240002479-1A_223M7CLT4_1.fq.gz
  Command: cat A7/A7_EKDL240002479-1A_223M7CLT4_L7_1.fq.gz A7/A7_EKDL240002479-1A_223M7CLT4_L8_1.fq.gz > concat/A7_EKDL240002479-1A_223M7CLT4_1.fq.gz
  R2 inputs:
    A7/A7_EKDL240002479-1A_223M7CLT4_L7_2.fq.gz
    A7/A7_EKDL240002479-1A_223M7CLT4_L8_2.fq.gz
  R2 output: concat/A7_EKDL240002479-1A_223M7CLT4_2.fq.gz
  Command: cat A7/A7_EKDL240002479-1A_223M7CLT4_L7_2.fq.gz A7/A7_EKDL240002479-1A_223M7CLT4_L8_2.fq.gz > concat/A7_EKDL240002479-1A_223M7CLT4_2.fq.gz
  Status: OK

Sample: A8
  R1 inputs:
    A8/A8_EKDL240002480-1A_223M7CLT4_L7_1.fq.gz
    A8/A8_EKDL240002480-1A_223M7CLT4_L8_1.fq.gz
  R1 output: concat/A8_EKDL240002480-1A_223M7CLT4_1.fq.gz
  Command: cat A8/A8_EKDL240002480-1A_223M7CLT4_L7_1.fq.gz A8/A8_EKDL240002480-1A_223M7CLT4_L8_1.fq.gz > concat/A8_EKDL240002480-1A_223M7CLT4_1.fq.gz
  R2 inputs:
    A8/A8_EKDL240002480-1A_223M7CLT4_L7_2.fq.gz
    A8/A8_EKDL240002480-1A_223M7CLT4_L8_2.fq.gz
  R2 output: concat/A8_EKDL240002480-1A_223M7CLT4_2.fq.gz
  Command: cat A8/A8_EKDL240002480-1A_223M7CLT4_L7_2.fq.gz A8/A8_EKDL240002480-1A_223M7CLT4_L8_2.fq.gz > concat/A8_EKDL240002480-1A_223M7CLT4_2.fq.gz
  Status: OK

Concatenation finished: Tue Jan  6 01:32:31 PM GMT 2026
